06-Mar-2020 12:45:28.637 信息 [Catalina-utility-1] org.apache.catalina.startup.HostConfig.undeploy Undeploying context [/three.js]
06-Mar-2020 12:45:28.833 信息 [Catalina-utility-1] org.apache.catalina.startup.HostConfig.deployDirectory 把web 应用程序部署到目录 [D:\tools\apache-tomcat-9.0.31\webapps\three]
06-Mar-2020 12:45:29.017 信息 [Catalina-utility-1] org.apache.catalina.startup.HostConfig.deployDirectory Deployment of web application directory [D:\tools\apache-tomcat-9.0.31\webapps\three] has finished in [183] ms
06-Mar-2020 12:49:39.784 信息 [main] org.apache.catalina.startup.VersionLoggerListener.log Server.服务器版本:     Apache Tomcat/9.0.31
06-Mar-2020 12:49:39.807 信息 [main] org.apache.catalina.startup.VersionLoggerListener.log 服务器构建:            Feb 5 2020 19:32:12 UTC
06-Mar-2020 12:49:39.807 信息 [main] org.apache.catalina.startup.VersionLoggerListener.log 服务器版本号(：9.0.31.0
06-Mar-2020 12:49:39.807 信息 [main] org.apache.catalina.startup.VersionLoggerListener.log OS Name:               Windows 10
06-Mar-2020 12:49:39.807 信息 [main] org.apache.catalina.startup.VersionLoggerListener.log OS.版本:               10.0
06-Mar-2020 12:49:39.807 信息 [main] org.apache.catalina.startup.VersionLoggerListener.log 架构:                  amd64
06-Mar-2020 12:49:39.808 信息 [main] org.apache.catalina.startup.VersionLoggerListener.log Java 环境变量:         C:\Program Files\Java\jdk1.8.0_202\jre
06-Mar-2020 12:49:39.808 信息 [main] org.apache.catalina.startup.VersionLoggerListener.log JVM 版本:              1.8.0_202-b08
06-Mar-2020 12:49:39.808 信息 [main] org.apache.catalina.startup.VersionLoggerListener.log JVM.供应商:            Oracle Corporation
06-Mar-2020 12:49:39.808 信息 [main] org.apache.catalina.startup.VersionLoggerListener.log CATALINA_BASE:         D:\tools\apache-tomcat-9.0.31
06-Mar-2020 12:49:39.808 信息 [main] org.apache.catalina.startup.VersionLoggerListener.log CATALINA_HOME:         D:\tools\apache-tomcat-9.0.31
06-Mar-2020 12:49:39.813 信息 [main] org.apache.catalina.startup.VersionLoggerListener.log Command line argument: -Djava.util.logging.config.file=D:\tools\apache-tomcat-9.0.31\conf\logging.properties
06-Mar-2020 12:49:39.813 信息 [main] org.apache.catalina.startup.VersionLoggerListener.log Command line argument: -Djava.util.logging.manager=org.apache.juli.ClassLoaderLogManager
06-Mar-2020 12:49:39.813 信息 [main] org.apache.catalina.startup.VersionLoggerListener.log Command line argument: -Djdk.tls.ephemeralDHKeySize=2048
06-Mar-2020 12:49:39.813 信息 [main] org.apache.catalina.startup.VersionLoggerListener.log Command line argument: -Djava.protocol.handler.pkgs=org.apache.catalina.webresources
06-Mar-2020 12:49:39.814 信息 [main] org.apache.catalina.startup.VersionLoggerListener.log Command line argument: -Dignore.endorsed.dirs=
06-Mar-2020 12:49:39.814 信息 [main] org.apache.catalina.startup.VersionLoggerListener.log Command line argument: -Dcatalina.base=D:\tools\apache-tomcat-9.0.31
06-Mar-2020 12:49:39.814 信息 [main] org.apache.catalina.startup.VersionLoggerListener.log Command line argument: -Dcatalina.home=D:\tools\apache-tomcat-9.0.31
06-Mar-2020 12:49:39.814 信息 [main] org.apache.catalina.startup.VersionLoggerListener.log Command line argument: -Djava.io.tmpdir=D:\tools\apache-tomcat-9.0.31\temp
06-Mar-2020 12:49:39.815 信息 [main] org.apache.catalina.core.AprLifecycleListener.lifecycleEvent Loaded APR based Apache Tomcat Native library [1.2.23] using APR version [1.7.0].
06-Mar-2020 12:49:39.818 信息 [main] org.apache.catalina.core.AprLifecycleListener.lifecycleEvent APR capabilities: IPv6 [true], sendfile [true], accept filters [false], random [true].
06-Mar-2020 12:49:39.822 信息 [main] org.apache.catalina.core.AprLifecycleListener.lifecycleEvent APR/OpenSSL配置：useAprConnector[false]，useOpenSSL[true]
06-Mar-2020 12:49:39.827 信息 [main] org.apache.catalina.core.AprLifecycleListener.initializeSSL OpenSSL successfully initialized [OpenSSL 1.1.1c  28 May 2019]
06-Mar-2020 12:49:40.420 信息 [main] org.apache.coyote.AbstractProtocol.init 初始化协议处理器 ["http-nio-8080"]
06-Mar-2020 12:49:41.112 信息 [main] org.apache.catalina.startup.Catalina.load 服务器在[1,694]毫秒内初始化
06-Mar-2020 12:49:41.144 信息 [main] org.apache.catalina.core.StandardService.startInternal Starting service [Catalina]
06-Mar-2020 12:49:41.144 信息 [main] org.apache.catalina.core.StandardEngine.startInternal 正在启动 Servlet 引擎：[Apache Tomcat/9.0.31]
06-Mar-2020 12:49:41.156 信息 [main] org.apache.catalina.startup.HostConfig.deployDirectory 把web 应用程序部署到目录 [D:\tools\apache-tomcat-9.0.31\webapps\docs]
06-Mar-2020 12:49:41.485 信息 [main] org.apache.catalina.startup.HostConfig.deployDirectory Deployment of web application directory [D:\tools\apache-tomcat-9.0.31\webapps\docs] has finished in [329] ms
06-Mar-2020 12:49:41.486 信息 [main] org.apache.catalina.startup.HostConfig.deployDirectory 把web 应用程序部署到目录 [D:\tools\apache-tomcat-9.0.31\webapps\examples]
06-Mar-2020 12:49:43.083 信息 [main] org.apache.catalina.startup.HostConfig.deployDirectory Deployment of web application directory [D:\tools\apache-tomcat-9.0.31\webapps\examples] has finished in [1,597] ms
06-Mar-2020 12:49:43.084 信息 [main] org.apache.catalina.startup.HostConfig.deployDirectory 把web 应用程序部署到目录 [D:\tools\apache-tomcat-9.0.31\webapps\host-manager]
06-Mar-2020 12:49:43.130 信息 [main] org.apache.catalina.startup.HostConfig.deployDirectory Deployment of web application directory [D:\tools\apache-tomcat-9.0.31\webapps\host-manager] has finished in [46] ms
06-Mar-2020 12:49:43.131 信息 [main] org.apache.catalina.startup.HostConfig.deployDirectory 把web 应用程序部署到目录 [D:\tools\apache-tomcat-9.0.31\webapps\jiteng]
06-Mar-2020 12:49:43.169 信息 [main] org.apache.catalina.startup.HostConfig.deployDirectory Deployment of web application directory [D:\tools\apache-tomcat-9.0.31\webapps\jiteng] has finished in [39] ms
06-Mar-2020 12:49:43.169 信息 [main] org.apache.catalina.startup.HostConfig.deployDirectory 把web 应用程序部署到目录 [D:\tools\apache-tomcat-9.0.31\webapps\manager]
06-Mar-2020 12:49:43.207 信息 [main] org.apache.catalina.startup.HostConfig.deployDirectory Deployment of web application directory [D:\tools\apache-tomcat-9.0.31\webapps\manager] has finished in [38] ms
06-Mar-2020 12:49:43.207 信息 [main] org.apache.catalina.startup.HostConfig.deployDirectory 把web 应用程序部署到目录 [D:\tools\apache-tomcat-9.0.31\webapps\ROOT]
06-Mar-2020 12:49:43.227 信息 [main] org.apache.catalina.startup.HostConfig.deployDirectory Deployment of web application directory [D:\tools\apache-tomcat-9.0.31\webapps\ROOT] has finished in [20] ms
06-Mar-2020 12:49:43.227 信息 [main] org.apache.catalina.startup.HostConfig.deployDirectory 把web 应用程序部署到目录 [D:\tools\apache-tomcat-9.0.31\webapps\three]
06-Mar-2020 12:49:43.245 信息 [main] org.apache.catalina.startup.HostConfig.deployDirectory Deployment of web application directory [D:\tools\apache-tomcat-9.0.31\webapps\three] has finished in [18] ms
06-Mar-2020 12:49:43.249 信息 [main] org.apache.coyote.AbstractProtocol.start 开始协议处理句柄["http-nio-8080"]
06-Mar-2020 12:49:43.256 信息 [main] org.apache.catalina.startup.Catalina.start Server startup in [2,143] milliseconds
06-Mar-2020 12:56:33.963 信息 [Catalina-utility-1] org.apache.catalina.startup.HostConfig.undeploy Undeploying context [/three]
06-Mar-2020 12:56:43.982 信息 [Catalina-utility-1] org.apache.catalina.startup.HostConfig.deployDirectory 把web 应用程序部署到目录 [D:\tools\apache-tomcat-9.0.31\webapps\three.js-dev]
06-Mar-2020 12:56:44.003 信息 [Catalina-utility-1] org.apache.catalina.startup.HostConfig.deployDirectory Deployment of web application directory [D:\tools\apache-tomcat-9.0.31\webapps\three.js-dev] has finished in [21] ms
06-Mar-2020 12:58:14.538 信息 [Catalina-utility-1] org.apache.catalina.startup.HostConfig.undeploy Undeploying context [/three.js-dev]
06-Mar-2020 12:58:14.567 信息 [Catalina-utility-1] org.apache.catalina.startup.HostConfig.deployDirectory 把web 应用程序部署到目录 [D:\tools\apache-tomcat-9.0.31\webapps\three]
06-Mar-2020 12:58:14.597 信息 [Catalina-utility-1] org.apache.catalina.startup.HostConfig.deployDirectory Deployment of web application directory [D:\tools\apache-tomcat-9.0.31\webapps\three] has finished in [29] ms
06-Mar-2020 12:58:43.631 信息 [main] org.apache.catalina.startup.VersionLoggerListener.log Server.服务器版本:     Apache Tomcat/9.0.31
06-Mar-2020 12:58:43.636 信息 [main] org.apache.catalina.startup.VersionLoggerListener.log 服务器构建:            Feb 5 2020 19:32:12 UTC
06-Mar-2020 12:58:43.636 信息 [main] org.apache.catalina.startup.VersionLoggerListener.log 服务器版本号(：9.0.31.0
06-Mar-2020 12:58:43.636 信息 [main] org.apache.catalina.startup.VersionLoggerListener.log OS Name:               Windows 10
06-Mar-2020 12:58:43.637 信息 [main] org.apache.catalina.startup.VersionLoggerListener.log OS.版本:               10.0
06-Mar-2020 12:58:43.637 信息 [main] org.apache.catalina.startup.VersionLoggerListener.log 架构:                  amd64
06-Mar-2020 12:58:43.637 信息 [main] org.apache.catalina.startup.VersionLoggerListener.log Java 环境变量:         C:\Program Files\Java\jdk1.8.0_202\jre
06-Mar-2020 12:58:43.637 信息 [main] org.apache.catalina.startup.VersionLoggerListener.log JVM 版本:              1.8.0_202-b08
06-Mar-2020 12:58:43.637 信息 [main] org.apache.catalina.startup.VersionLoggerListener.log JVM.供应商:            Oracle Corporation
06-Mar-2020 12:58:43.637 信息 [main] org.apache.catalina.startup.VersionLoggerListener.log CATALINA_BASE:         D:\tools\apache-tomcat-9.0.31
06-Mar-2020 12:58:43.638 信息 [main] org.apache.catalina.startup.VersionLoggerListener.log CATALINA_HOME:         D:\tools\apache-tomcat-9.0.31
06-Mar-2020 12:58:43.638 信息 [main] org.apache.catalina.startup.VersionLoggerListener.log Command line argument: -Djava.util.logging.config.file=D:\tools\apache-tomcat-9.0.31\conf\logging.properties
06-Mar-2020 12:58:43.638 信息 [main] org.apache.catalina.startup.VersionLoggerListener.log Command line argument: -Djava.util.logging.manager=org.apache.juli.ClassLoaderLogManager
06-Mar-2020 12:58:43.638 信息 [main] org.apache.catalina.startup.VersionLoggerListener.log Command line argument: -Djdk.tls.ephemeralDHKeySize=2048
06-Mar-2020 12:58:43.639 信息 [main] org.apache.catalina.startup.VersionLoggerListener.log Command line argument: -Djava.protocol.handler.pkgs=org.apache.catalina.webresources
06-Mar-2020 12:58:43.639 信息 [main] org.apache.catalina.startup.VersionLoggerListener.log Command line argument: -Dignore.endorsed.dirs=
06-Mar-2020 12:58:43.639 信息 [main] org.apache.catalina.startup.VersionLoggerListener.log Command line argument: -Dcatalina.base=D:\tools\apache-tomcat-9.0.31
06-Mar-2020 12:58:43.643 信息 [main] org.apache.catalina.startup.VersionLoggerListener.log Command line argument: -Dcatalina.home=D:\tools\apache-tomcat-9.0.31
06-Mar-2020 12:58:43.643 信息 [main] org.apache.catalina.startup.VersionLoggerListener.log Command line argument: -Djava.io.tmpdir=D:\tools\apache-tomcat-9.0.31\temp
06-Mar-2020 12:58:43.644 信息 [main] org.apache.catalina.core.AprLifecycleListener.lifecycleEvent Loaded APR based Apache Tomcat Native library [1.2.23] using APR version [1.7.0].
06-Mar-2020 12:58:43.644 信息 [main] org.apache.catalina.core.AprLifecycleListener.lifecycleEvent APR capabilities: IPv6 [true], sendfile [true], accept filters [false], random [true].
06-Mar-2020 12:58:43.647 信息 [main] org.apache.catalina.core.AprLifecycleListener.lifecycleEvent APR/OpenSSL配置：useAprConnector[false]，useOpenSSL[true]
06-Mar-2020 12:58:43.657 信息 [main] org.apache.catalina.core.AprLifecycleListener.initializeSSL OpenSSL successfully initialized [OpenSSL 1.1.1c  28 May 2019]
06-Mar-2020 12:58:43.895 信息 [main] org.apache.coyote.AbstractProtocol.init 初始化协议处理器 ["http-nio-8080"]
06-Mar-2020 12:58:44.597 信息 [main] org.apache.catalina.startup.Catalina.load 服务器在[1,150]毫秒内初始化
06-Mar-2020 12:58:44.625 信息 [main] org.apache.catalina.core.StandardService.startInternal Starting service [Catalina]
06-Mar-2020 12:58:44.626 信息 [main] org.apache.catalina.core.StandardEngine.startInternal 正在启动 Servlet 引擎：[Apache Tomcat/9.0.31]
06-Mar-2020 12:58:44.633 信息 [main] org.apache.catalina.startup.HostConfig.deployDirectory 把web 应用程序部署到目录 [D:\tools\apache-tomcat-9.0.31\webapps\docs]
06-Mar-2020 12:58:44.848 信息 [main] org.apache.catalina.startup.HostConfig.deployDirectory Deployment of web application directory [D:\tools\apache-tomcat-9.0.31\webapps\docs] has finished in [215] ms
06-Mar-2020 12:58:44.848 信息 [main] org.apache.catalina.startup.HostConfig.deployDirectory 把web 应用程序部署到目录 [D:\tools\apache-tomcat-9.0.31\webapps\examples]
06-Mar-2020 12:58:45.104 信息 [main] org.apache.catalina.startup.HostConfig.deployDirectory Deployment of web application directory [D:\tools\apache-tomcat-9.0.31\webapps\examples] has finished in [256] ms
06-Mar-2020 12:58:45.104 信息 [main] org.apache.catalina.startup.HostConfig.deployDirectory 把web 应用程序部署到目录 [D:\tools\apache-tomcat-9.0.31\webapps\host-manager]
06-Mar-2020 12:58:45.132 信息 [main] org.apache.catalina.startup.HostConfig.deployDirectory Deployment of web application directory [D:\tools\apache-tomcat-9.0.31\webapps\host-manager] has finished in [28] ms
06-Mar-2020 12:58:45.132 信息 [main] org.apache.catalina.startup.HostConfig.deployDirectory 把web 应用程序部署到目录 [D:\tools\apache-tomcat-9.0.31\webapps\jiteng]
06-Mar-2020 12:58:45.156 信息 [main] org.apache.catalina.startup.HostConfig.deployDirectory Deployment of web application directory [D:\tools\apache-tomcat-9.0.31\webapps\jiteng] has finished in [23] ms
06-Mar-2020 12:58:45.156 信息 [main] org.apache.catalina.startup.HostConfig.deployDirectory 把web 应用程序部署到目录 [D:\tools\apache-tomcat-9.0.31\webapps\manager]
06-Mar-2020 12:58:45.194 信息 [main] org.apache.catalina.startup.HostConfig.deployDirectory Deployment of web application directory [D:\tools\apache-tomcat-9.0.31\webapps\manager] has finished in [38] ms
06-Mar-2020 12:58:45.195 信息 [main] org.apache.catalina.startup.HostConfig.deployDirectory 把web 应用程序部署到目录 [D:\tools\apache-tomcat-9.0.31\webapps\ROOT]
06-Mar-2020 12:58:45.229 信息 [main] org.apache.catalina.startup.HostConfig.deployDirectory Deployment of web application directory [D:\tools\apache-tomcat-9.0.31\webapps\ROOT] has finished in [33] ms
06-Mar-2020 12:58:45.229 信息 [main] org.apache.catalina.startup.HostConfig.deployDirectory 把web 应用程序部署到目录 [D:\tools\apache-tomcat-9.0.31\webapps\three]
06-Mar-2020 12:58:45.249 信息 [main] org.apache.catalina.startup.HostConfig.deployDirectory Deployment of web application directory [D:\tools\apache-tomcat-9.0.31\webapps\three] has finished in [20] ms
06-Mar-2020 12:58:45.256 信息 [main] org.apache.coyote.AbstractProtocol.start 开始协议处理句柄["http-nio-8080"]
06-Mar-2020 12:58:45.268 信息 [main] org.apache.catalina.startup.Catalina.start Server startup in [670] milliseconds
06-Mar-2020 13:02:04.108 严重 [main] org.apache.catalina.startup.Catalina.stopServer Could not contact [localhost:8005] (base port [8005] and offset [0]). Tomcat may not be running.
06-Mar-2020 13:02:04.112 严重 [main] org.apache.catalina.startup.Catalina.stopServer 停止 Catalina 时出错
	java.net.ConnectException: Connection refused: connect
		at java.net.DualStackPlainSocketImpl.connect0(Native Method)
		at java.net.DualStackPlainSocketImpl.socketConnect(DualStackPlainSocketImpl.java:79)
		at java.net.AbstractPlainSocketImpl.doConnect(AbstractPlainSocketImpl.java:350)
		at java.net.AbstractPlainSocketImpl.connectToAddress(AbstractPlainSocketImpl.java:206)
		at java.net.AbstractPlainSocketImpl.connect(AbstractPlainSocketImpl.java:188)
		at java.net.PlainSocketImpl.connect(PlainSocketImpl.java:172)
		at java.net.SocksSocketImpl.connect(SocksSocketImpl.java:392)
		at java.net.Socket.connect(Socket.java:589)
		at java.net.Socket.connect(Socket.java:538)
		at java.net.Socket.<init>(Socket.java:434)
		at java.net.Socket.<init>(Socket.java:211)
		at org.apache.catalina.startup.Catalina.stopServer(Catalina.java:513)
		at sun.reflect.NativeMethodAccessorImpl.invoke0(Native Method)
		at sun.reflect.NativeMethodAccessorImpl.invoke(NativeMethodAccessorImpl.java:62)
		at sun.reflect.DelegatingMethodAccessorImpl.invoke(DelegatingMethodAccessorImpl.java:43)
		at java.lang.reflect.Method.invoke(Method.java:498)
		at org.apache.catalina.startup.Bootstrap.stopServer(Bootstrap.java:389)
		at org.apache.catalina.startup.Bootstrap.main(Bootstrap.java:479)
06-Mar-2020 13:02:09.094 信息 [main] org.apache.catalina.startup.VersionLoggerListener.log Server.服务器版本:     Apache Tomcat/9.0.31
06-Mar-2020 13:02:09.097 信息 [main] org.apache.catalina.startup.VersionLoggerListener.log 服务器构建:            Feb 5 2020 19:32:12 UTC
06-Mar-2020 13:02:09.098 信息 [main] org.apache.catalina.startup.VersionLoggerListener.log 服务器版本号(：9.0.31.0
06-Mar-2020 13:02:09.098 信息 [main] org.apache.catalina.startup.VersionLoggerListener.log OS Name:               Windows 10
06-Mar-2020 13:02:09.098 信息 [main] org.apache.catalina.startup.VersionLoggerListener.log OS.版本:               10.0
06-Mar-2020 13:02:09.098 信息 [main] org.apache.catalina.startup.VersionLoggerListener.log 架构:                  amd64
06-Mar-2020 13:02:09.098 信息 [main] org.apache.catalina.startup.VersionLoggerListener.log Java 环境变量:         C:\Program Files\Java\jdk1.8.0_202\jre
06-Mar-2020 13:02:09.098 信息 [main] org.apache.catalina.startup.VersionLoggerListener.log JVM 版本:              1.8.0_202-b08
06-Mar-2020 13:02:09.099 信息 [main] org.apache.catalina.startup.VersionLoggerListener.log JVM.供应商:            Oracle Corporation
06-Mar-2020 13:02:09.099 信息 [main] org.apache.catalina.startup.VersionLoggerListener.log CATALINA_BASE:         D:\tools\apache-tomcat-9.0.31
06-Mar-2020 13:02:09.099 信息 [main] org.apache.catalina.startup.VersionLoggerListener.log CATALINA_HOME:         D:\tools\apache-tomcat-9.0.31
06-Mar-2020 13:02:09.099 信息 [main] org.apache.catalina.startup.VersionLoggerListener.log Command line argument: -Djava.util.logging.config.file=D:\tools\apache-tomcat-9.0.31\conf\logging.properties
06-Mar-2020 13:02:09.099 信息 [main] org.apache.catalina.startup.VersionLoggerListener.log Command line argument: -Djava.util.logging.manager=org.apache.juli.ClassLoaderLogManager
06-Mar-2020 13:02:09.100 信息 [main] org.apache.catalina.startup.VersionLoggerListener.log Command line argument: -Djdk.tls.ephemeralDHKeySize=2048
06-Mar-2020 13:02:09.100 信息 [main] org.apache.catalina.startup.VersionLoggerListener.log Command line argument: -Djava.protocol.handler.pkgs=org.apache.catalina.webresources
06-Mar-2020 13:02:09.100 信息 [main] org.apache.catalina.startup.VersionLoggerListener.log Command line argument: -Dignore.endorsed.dirs=
06-Mar-2020 13:02:09.100 信息 [main] org.apache.catalina.startup.VersionLoggerListener.log Command line argument: -Dcatalina.base=D:\tools\apache-tomcat-9.0.31
06-Mar-2020 13:02:09.104 信息 [main] org.apache.catalina.startup.VersionLoggerListener.log Command line argument: -Dcatalina.home=D:\tools\apache-tomcat-9.0.31
06-Mar-2020 13:02:09.104 信息 [main] org.apache.catalina.startup.VersionLoggerListener.log Command line argument: -Djava.io.tmpdir=D:\tools\apache-tomcat-9.0.31\temp
06-Mar-2020 13:02:09.104 信息 [main] org.apache.catalina.core.AprLifecycleListener.lifecycleEvent Loaded APR based Apache Tomcat Native library [1.2.23] using APR version [1.7.0].
06-Mar-2020 13:02:09.105 信息 [main] org.apache.catalina.core.AprLifecycleListener.lifecycleEvent APR capabilities: IPv6 [true], sendfile [true], accept filters [false], random [true].
06-Mar-2020 13:02:09.105 信息 [main] org.apache.catalina.core.AprLifecycleListener.lifecycleEvent APR/OpenSSL配置：useAprConnector[false]，useOpenSSL[true]
06-Mar-2020 13:02:09.109 信息 [main] org.apache.catalina.core.AprLifecycleListener.initializeSSL OpenSSL successfully initialized [OpenSSL 1.1.1c  28 May 2019]
06-Mar-2020 13:02:09.313 信息 [main] org.apache.coyote.AbstractProtocol.init 初始化协议处理器 ["http-nio-8080"]
06-Mar-2020 13:02:09.950 信息 [main] org.apache.catalina.startup.Catalina.load 服务器在[1,009]毫秒内初始化
06-Mar-2020 13:02:09.969 信息 [main] org.apache.catalina.core.StandardService.startInternal Starting service [Catalina]
06-Mar-2020 13:02:09.969 信息 [main] org.apache.catalina.core.StandardEngine.startInternal 正在启动 Servlet 引擎：[Apache Tomcat/9.0.31]
06-Mar-2020 13:02:09.975 信息 [main] org.apache.catalina.startup.HostConfig.deployDirectory 把web 应用程序部署到目录 [D:\tools\apache-tomcat-9.0.31\webapps\docs]
06-Mar-2020 13:02:10.123 信息 [main] org.apache.catalina.startup.HostConfig.deployDirectory Deployment of web application directory [D:\tools\apache-tomcat-9.0.31\webapps\docs] has finished in [148] ms
06-Mar-2020 13:02:10.124 信息 [main] org.apache.catalina.startup.HostConfig.deployDirectory 把web 应用程序部署到目录 [D:\tools\apache-tomcat-9.0.31\webapps\examples]
06-Mar-2020 13:02:10.325 信息 [main] org.apache.catalina.startup.HostConfig.deployDirectory Deployment of web application directory [D:\tools\apache-tomcat-9.0.31\webapps\examples] has finished in [201] ms
06-Mar-2020 13:02:10.325 信息 [main] org.apache.catalina.startup.HostConfig.deployDirectory 把web 应用程序部署到目录 [D:\tools\apache-tomcat-9.0.31\webapps\host-manager]
06-Mar-2020 13:02:10.346 信息 [main] org.apache.catalina.startup.HostConfig.deployDirectory Deployment of web application directory [D:\tools\apache-tomcat-9.0.31\webapps\host-manager] has finished in [21] ms
06-Mar-2020 13:02:10.347 信息 [main] org.apache.catalina.startup.HostConfig.deployDirectory 把web 应用程序部署到目录 [D:\tools\apache-tomcat-9.0.31\webapps\jiteng]
06-Mar-2020 13:02:10.374 信息 [main] org.apache.catalina.startup.HostConfig.deployDirectory Deployment of web application directory [D:\tools\apache-tomcat-9.0.31\webapps\jiteng] has finished in [27] ms
06-Mar-2020 13:02:10.375 信息 [main] org.apache.catalina.startup.HostConfig.deployDirectory 把web 应用程序部署到目录 [D:\tools\apache-tomcat-9.0.31\webapps\manager]
06-Mar-2020 13:02:10.392 信息 [main] org.apache.catalina.startup.HostConfig.deployDirectory Deployment of web application directory [D:\tools\apache-tomcat-9.0.31\webapps\manager] has finished in [18] ms
06-Mar-2020 13:02:10.393 信息 [main] org.apache.catalina.startup.HostConfig.deployDirectory 把web 应用程序部署到目录 [D:\tools\apache-tomcat-9.0.31\webapps\ROOT]
06-Mar-2020 13:02:10.409 信息 [main] org.apache.catalina.startup.HostConfig.deployDirectory Deployment of web application directory [D:\tools\apache-tomcat-9.0.31\webapps\ROOT] has finished in [17] ms
06-Mar-2020 13:02:10.410 信息 [main] org.apache.catalina.startup.HostConfig.deployDirectory 把web 应用程序部署到目录 [D:\tools\apache-tomcat-9.0.31\webapps\three]
06-Mar-2020 13:02:10.423 信息 [main] org.apache.catalina.startup.HostConfig.deployDirectory Deployment of web application directory [D:\tools\apache-tomcat-9.0.31\webapps\three] has finished in [13] ms
06-Mar-2020 13:02:10.426 信息 [main] org.apache.coyote.AbstractProtocol.start 开始协议处理句柄["http-nio-8080"]
06-Mar-2020 13:02:10.444 信息 [main] org.apache.catalina.startup.Catalina.start Server startup in [494] milliseconds
06-Mar-2020 13:02:50.947 信息 [Catalina-utility-1] org.apache.catalina.startup.HostConfig.undeploy Undeploying context [/three]
06-Mar-2020 13:02:50.957 信息 [Catalina-utility-1] org.apache.catalina.startup.HostConfig.deployDirectory 把web 应用程序部署到目录 [D:\tools\apache-tomcat-9.0.31\webapps\three.js-dev]
06-Mar-2020 13:02:50.976 信息 [Catalina-utility-1] org.apache.catalina.startup.HostConfig.deployDirectory Deployment of web application directory [D:\tools\apache-tomcat-9.0.31\webapps\three.js-dev] has finished in [19] ms
06-Mar-2020 13:11:01.723 信息 [Catalina-utility-1] org.apache.catalina.startup.HostConfig.undeploy Undeploying context [/three.js-dev]
06-Mar-2020 13:11:12.231 信息 [Catalina-utility-2] org.apache.catalina.startup.HostConfig.undeploy Undeploying context [/examples]
06-Mar-2020 13:11:12.237 信息 [Catalina-utility-2] org.apache.catalina.startup.HostConfig.deployDirectory 把web 应用程序部署到目录 [D:\tools\apache-tomcat-9.0.31\webapps\sss]
06-Mar-2020 13:11:12.382 信息 [Catalina-utility-2] org.apache.catalina.startup.HostConfig.deployDirectory Deployment of web application directory [D:\tools\apache-tomcat-9.0.31\webapps\sss] has finished in [145] ms
06-Mar-2020 13:11:12.382 信息 [Catalina-utility-2] org.apache.catalina.startup.HostConfig.deployDirectory 把web 应用程序部署到目录 [D:\tools\apache-tomcat-9.0.31\webapps\three.js-dev]
06-Mar-2020 13:11:12.397 信息 [Catalina-utility-2] org.apache.catalina.startup.HostConfig.deployDirectory Deployment of web application directory [D:\tools\apache-tomcat-9.0.31\webapps\three.js-dev] has finished in [15] ms
06-Mar-2020 13:11:57.140 信息 [main] org.apache.catalina.startup.VersionLoggerListener.log Server.服务器版本:     Apache Tomcat/9.0.31
06-Mar-2020 13:11:57.143 信息 [main] org.apache.catalina.startup.VersionLoggerListener.log 服务器构建:            Feb 5 2020 19:32:12 UTC
06-Mar-2020 13:11:57.144 信息 [main] org.apache.catalina.startup.VersionLoggerListener.log 服务器版本号(：9.0.31.0
06-Mar-2020 13:11:57.144 信息 [main] org.apache.catalina.startup.VersionLoggerListener.log OS Name:               Windows 10
06-Mar-2020 13:11:57.144 信息 [main] org.apache.catalina.startup.VersionLoggerListener.log OS.版本:               10.0
06-Mar-2020 13:11:57.144 信息 [main] org.apache.catalina.startup.VersionLoggerListener.log 架构:                  amd64
06-Mar-2020 13:11:57.144 信息 [main] org.apache.catalina.startup.VersionLoggerListener.log Java 环境变量:         C:\Program Files\Java\jdk1.8.0_202\jre
06-Mar-2020 13:11:57.144 信息 [main] org.apache.catalina.startup.VersionLoggerListener.log JVM 版本:              1.8.0_202-b08
06-Mar-2020 13:11:57.144 信息 [main] org.apache.catalina.startup.VersionLoggerListener.log JVM.供应商:            Oracle Corporation
06-Mar-2020 13:11:57.145 信息 [main] org.apache.catalina.startup.VersionLoggerListener.log CATALINA_BASE:         D:\tools\apache-tomcat-9.0.31
06-Mar-2020 13:11:57.145 信息 [main] org.apache.catalina.startup.VersionLoggerListener.log CATALINA_HOME:         D:\tools\apache-tomcat-9.0.31
06-Mar-2020 13:11:57.145 信息 [main] org.apache.catalina.startup.VersionLoggerListener.log Command line argument: -Djava.util.logging.config.file=D:\tools\apache-tomcat-9.0.31\conf\logging.properties
06-Mar-2020 13:11:57.146 信息 [main] org.apache.catalina.startup.VersionLoggerListener.log Command line argument: -Djava.util.logging.manager=org.apache.juli.ClassLoaderLogManager
06-Mar-2020 13:11:57.146 信息 [main] org.apache.catalina.startup.VersionLoggerListener.log Command line argument: -Djdk.tls.ephemeralDHKeySize=2048
06-Mar-2020 13:11:57.146 信息 [main] org.apache.catalina.startup.VersionLoggerListener.log Command line argument: -Djava.protocol.handler.pkgs=org.apache.catalina.webresources
06-Mar-2020 13:11:57.146 信息 [main] org.apache.catalina.startup.VersionLoggerListener.log Command line argument: -Dignore.endorsed.dirs=
06-Mar-2020 13:11:57.146 信息 [main] org.apache.catalina.startup.VersionLoggerListener.log Command line argument: -Dcatalina.base=D:\tools\apache-tomcat-9.0.31
06-Mar-2020 13:11:57.150 信息 [main] org.apache.catalina.startup.VersionLoggerListener.log Command line argument: -Dcatalina.home=D:\tools\apache-tomcat-9.0.31
06-Mar-2020 13:11:57.150 信息 [main] org.apache.catalina.startup.VersionLoggerListener.log Command line argument: -Djava.io.tmpdir=D:\tools\apache-tomcat-9.0.31\temp
06-Mar-2020 13:11:57.151 信息 [main] org.apache.catalina.core.AprLifecycleListener.lifecycleEvent Loaded APR based Apache Tomcat Native library [1.2.23] using APR version [1.7.0].
06-Mar-2020 13:11:57.151 信息 [main] org.apache.catalina.core.AprLifecycleListener.lifecycleEvent APR capabilities: IPv6 [true], sendfile [true], accept filters [false], random [true].
06-Mar-2020 13:11:57.151 信息 [main] org.apache.catalina.core.AprLifecycleListener.lifecycleEvent APR/OpenSSL配置：useAprConnector[false]，useOpenSSL[true]
06-Mar-2020 13:11:57.157 信息 [main] org.apache.catalina.core.AprLifecycleListener.initializeSSL OpenSSL successfully initialized [OpenSSL 1.1.1c  28 May 2019]
06-Mar-2020 13:11:57.368 信息 [main] org.apache.coyote.AbstractProtocol.init 初始化协议处理器 ["http-nio-8080"]
06-Mar-2020 13:11:58.013 信息 [main] org.apache.catalina.startup.Catalina.load 服务器在[1,018]毫秒内初始化
06-Mar-2020 13:11:58.033 信息 [main] org.apache.catalina.core.StandardService.startInternal Starting service [Catalina]
06-Mar-2020 13:11:58.034 信息 [main] org.apache.catalina.core.StandardEngine.startInternal 正在启动 Servlet 引擎：[Apache Tomcat/9.0.31]
06-Mar-2020 13:11:58.045 信息 [main] org.apache.catalina.startup.HostConfig.deployDirectory 把web 应用程序部署到目录 [D:\tools\apache-tomcat-9.0.31\webapps\docs]
06-Mar-2020 13:11:58.209 信息 [main] org.apache.catalina.startup.HostConfig.deployDirectory Deployment of web application directory [D:\tools\apache-tomcat-9.0.31\webapps\docs] has finished in [164] ms
06-Mar-2020 13:11:58.210 信息 [main] org.apache.catalina.startup.HostConfig.deployDirectory 把web 应用程序部署到目录 [D:\tools\apache-tomcat-9.0.31\webapps\host-manager]
06-Mar-2020 13:11:58.241 信息 [main] org.apache.catalina.startup.HostConfig.deployDirectory Deployment of web application directory [D:\tools\apache-tomcat-9.0.31\webapps\host-manager] has finished in [31] ms
06-Mar-2020 13:11:58.242 信息 [main] org.apache.catalina.startup.HostConfig.deployDirectory 把web 应用程序部署到目录 [D:\tools\apache-tomcat-9.0.31\webapps\jiteng]
06-Mar-2020 13:11:58.266 信息 [main] org.apache.catalina.startup.HostConfig.deployDirectory Deployment of web application directory [D:\tools\apache-tomcat-9.0.31\webapps\jiteng] has finished in [24] ms
06-Mar-2020 13:11:58.266 信息 [main] org.apache.catalina.startup.HostConfig.deployDirectory 把web 应用程序部署到目录 [D:\tools\apache-tomcat-9.0.31\webapps\manager]
06-Mar-2020 13:11:58.293 信息 [main] org.apache.catalina.startup.HostConfig.deployDirectory Deployment of web application directory [D:\tools\apache-tomcat-9.0.31\webapps\manager] has finished in [27] ms
06-Mar-2020 13:11:58.293 信息 [main] org.apache.catalina.startup.HostConfig.deployDirectory 把web 应用程序部署到目录 [D:\tools\apache-tomcat-9.0.31\webapps\ROOT]
06-Mar-2020 13:11:58.317 信息 [main] org.apache.catalina.startup.HostConfig.deployDirectory Deployment of web application directory [D:\tools\apache-tomcat-9.0.31\webapps\ROOT] has finished in [24] ms
06-Mar-2020 13:11:58.317 信息 [main] org.apache.catalina.startup.HostConfig.deployDirectory 把web 应用程序部署到目录 [D:\tools\apache-tomcat-9.0.31\webapps\sss]
06-Mar-2020 13:11:58.542 信息 [main] org.apache.catalina.startup.HostConfig.deployDirectory Deployment of web application directory [D:\tools\apache-tomcat-9.0.31\webapps\sss] has finished in [225] ms
06-Mar-2020 13:11:58.543 信息 [main] org.apache.catalina.startup.HostConfig.deployDirectory 把web 应用程序部署到目录 [D:\tools\apache-tomcat-9.0.31\webapps\three.js-dev]
06-Mar-2020 13:11:58.557 信息 [main] org.apache.catalina.startup.HostConfig.deployDirectory Deployment of web application directory [D:\tools\apache-tomcat-9.0.31\webapps\three.js-dev] has finished in [13] ms
06-Mar-2020 13:11:58.560 信息 [main] org.apache.coyote.AbstractProtocol.start 开始协议处理句柄["http-nio-8080"]
06-Mar-2020 13:11:58.568 信息 [main] org.apache.catalina.startup.Catalina.start Server startup in [555] milliseconds
06-Mar-2020 13:23:14.491 信息 [http-nio-8080-exec-1] org.apache.coyote.http11.Http11Processor.service 解析 HTTP 请求 header 错误
 Note: further occurrences of HTTP request parsing errors will be logged at DEBUG level.
	java.lang.IllegalArgumentException: 在方法名称中发现无效的字符串, HTTP 方法名必须是有效的符号.
		at org.apache.coyote.http11.Http11InputBuffer.parseRequestLine(Http11InputBuffer.java:416)
		at org.apache.coyote.http11.Http11Processor.service(Http11Processor.java:260)
		at org.apache.coyote.AbstractProcessorLight.process(AbstractProcessorLight.java:65)
		at org.apache.coyote.AbstractProtocol$ConnectionHandler.process(AbstractProtocol.java:868)
		at org.apache.tomcat.util.net.NioEndpoint$SocketProcessor.doRun(NioEndpoint.java:1639)
		at org.apache.tomcat.util.net.SocketProcessorBase.run(SocketProcessorBase.java:49)
		at java.util.concurrent.ThreadPoolExecutor.runWorker(ThreadPoolExecutor.java:1149)
		at java.util.concurrent.ThreadPoolExecutor$Worker.run(ThreadPoolExecutor.java:624)
		at org.apache.tomcat.util.threads.TaskThread$WrappingRunnable.run(TaskThread.java:61)
		at java.lang.Thread.run(Thread.java:748)
06-Mar-2020 13:23:14.496 信息 [http-nio-8080-exec-8] org.apache.coyote.http11.Http11Processor.service 解析 HTTP 请求 header 错误
 Note: further occurrences of HTTP request parsing errors will be logged at DEBUG level.
	java.lang.IllegalArgumentException: 在方法名称中发现无效的字符串, HTTP 方法名必须是有效的符号.
		at org.apache.coyote.http11.Http11InputBuffer.parseRequestLine(Http11InputBuffer.java:416)
		at org.apache.coyote.http11.Http11Processor.service(Http11Processor.java:260)
		at org.apache.coyote.AbstractProcessorLight.process(AbstractProcessorLight.java:65)
		at org.apache.coyote.AbstractProtocol$ConnectionHandler.process(AbstractProtocol.java:868)
		at org.apache.tomcat.util.net.NioEndpoint$SocketProcessor.doRun(NioEndpoint.java:1639)
		at org.apache.tomcat.util.net.SocketProcessorBase.run(SocketProcessorBase.java:49)
		at java.util.concurrent.ThreadPoolExecutor.runWorker(ThreadPoolExecutor.java:1149)
		at java.util.concurrent.ThreadPoolExecutor$Worker.run(ThreadPoolExecutor.java:624)
		at org.apache.tomcat.util.threads.TaskThread$WrappingRunnable.run(TaskThread.java:61)
		at java.lang.Thread.run(Thread.java:748)
06-Mar-2020 13:25:11.389 信息 [http-nio-8080-exec-7] org.apache.coyote.http11.Http11Processor.service 解析 HTTP 请求 header 错误
 Note: further occurrences of HTTP request parsing errors will be logged at DEBUG level.
	java.lang.IllegalArgumentException: 在方法名称中发现无效的字符串, HTTP 方法名必须是有效的符号.
		at org.apache.coyote.http11.Http11InputBuffer.parseRequestLine(Http11InputBuffer.java:416)
		at org.apache.coyote.http11.Http11Processor.service(Http11Processor.java:260)
		at org.apache.coyote.AbstractProcessorLight.process(AbstractProcessorLight.java:65)
		at org.apache.coyote.AbstractProtocol$ConnectionHandler.process(AbstractProtocol.java:868)
		at org.apache.tomcat.util.net.NioEndpoint$SocketProcessor.doRun(NioEndpoint.java:1639)
		at org.apache.tomcat.util.net.SocketProcessorBase.run(SocketProcessorBase.java:49)
		at java.util.concurrent.ThreadPoolExecutor.runWorker(ThreadPoolExecutor.java:1149)
		at java.util.concurrent.ThreadPoolExecutor$Worker.run(ThreadPoolExecutor.java:624)
		at org.apache.tomcat.util.threads.TaskThread$WrappingRunnable.run(TaskThread.java:61)
		at java.lang.Thread.run(Thread.java:748)
06-Mar-2020 13:25:11.396 信息 [http-nio-8080-exec-3] org.apache.coyote.http11.Http11Processor.service 解析 HTTP 请求 header 错误
 Note: further occurrences of HTTP request parsing errors will be logged at DEBUG level.
	java.lang.IllegalArgumentException: 在方法名称中发现无效的字符串, HTTP 方法名必须是有效的符号.
		at org.apache.coyote.http11.Http11InputBuffer.parseRequestLine(Http11InputBuffer.java:416)
		at org.apache.coyote.http11.Http11Processor.service(Http11Processor.java:260)
		at org.apache.coyote.AbstractProcessorLight.process(AbstractProcessorLight.java:65)
		at org.apache.coyote.AbstractProtocol$ConnectionHandler.process(AbstractProtocol.java:868)
		at org.apache.tomcat.util.net.NioEndpoint$SocketProcessor.doRun(NioEndpoint.java:1639)
		at org.apache.tomcat.util.net.SocketProcessorBase.run(SocketProcessorBase.java:49)
		at java.util.concurrent.ThreadPoolExecutor.runWorker(ThreadPoolExecutor.java:1149)
		at java.util.concurrent.ThreadPoolExecutor$Worker.run(ThreadPoolExecutor.java:624)
		at org.apache.tomcat.util.threads.TaskThread$WrappingRunnable.run(TaskThread.java:61)
		at java.lang.Thread.run(Thread.java:748)
06-Mar-2020 13:28:39.584 信息 [Catalina-utility-1] org.apache.catalina.startup.HostConfig.undeploy Undeploying context [/three.js-dev]
06-Mar-2020 13:28:39.606 信息 [Catalina-utility-1] org.apache.catalina.startup.HostConfig.deployDirectory 把web 应用程序部署到目录 [D:\tools\apache-tomcat-9.0.31\webapps\three]
06-Mar-2020 13:28:39.639 信息 [Catalina-utility-1] org.apache.catalina.startup.HostConfig.deployDirectory Deployment of web application directory [D:\tools\apache-tomcat-9.0.31\webapps\three] has finished in [34] ms
06-Mar-2020 13:32:15.833 信息 [main] org.apache.catalina.startup.VersionLoggerListener.log Server.服务器版本:     Apache Tomcat/9.0.31
06-Mar-2020 13:32:15.839 信息 [main] org.apache.catalina.startup.VersionLoggerListener.log 服务器构建:            Feb 5 2020 19:32:12 UTC
06-Mar-2020 13:32:15.839 信息 [main] org.apache.catalina.startup.VersionLoggerListener.log 服务器版本号(：9.0.31.0
06-Mar-2020 13:32:15.840 信息 [main] org.apache.catalina.startup.VersionLoggerListener.log OS Name:               Windows 10
06-Mar-2020 13:32:15.840 信息 [main] org.apache.catalina.startup.VersionLoggerListener.log OS.版本:               10.0
06-Mar-2020 13:32:15.840 信息 [main] org.apache.catalina.startup.VersionLoggerListener.log 架构:                  amd64
06-Mar-2020 13:32:15.840 信息 [main] org.apache.catalina.startup.VersionLoggerListener.log Java 环境变量:         C:\Program Files\Java\jdk1.8.0_202\jre
06-Mar-2020 13:32:15.841 信息 [main] org.apache.catalina.startup.VersionLoggerListener.log JVM 版本:              1.8.0_202-b08
06-Mar-2020 13:32:15.841 信息 [main] org.apache.catalina.startup.VersionLoggerListener.log JVM.供应商:            Oracle Corporation
06-Mar-2020 13:32:15.841 信息 [main] org.apache.catalina.startup.VersionLoggerListener.log CATALINA_BASE:         D:\tools\apache-tomcat-9.0.31
06-Mar-2020 13:32:15.841 信息 [main] org.apache.catalina.startup.VersionLoggerListener.log CATALINA_HOME:         D:\tools\apache-tomcat-9.0.31
06-Mar-2020 13:32:15.842 信息 [main] org.apache.catalina.startup.VersionLoggerListener.log Command line argument: -Djava.util.logging.config.file=D:\tools\apache-tomcat-9.0.31\conf\logging.properties
06-Mar-2020 13:32:15.842 信息 [main] org.apache.catalina.startup.VersionLoggerListener.log Command line argument: -Djava.util.logging.manager=org.apache.juli.ClassLoaderLogManager
06-Mar-2020 13:32:15.842 信息 [main] org.apache.catalina.startup.VersionLoggerListener.log Command line argument: -Djdk.tls.ephemeralDHKeySize=2048
06-Mar-2020 13:32:15.842 信息 [main] org.apache.catalina.startup.VersionLoggerListener.log Command line argument: -Djava.protocol.handler.pkgs=org.apache.catalina.webresources
06-Mar-2020 13:32:15.842 信息 [main] org.apache.catalina.startup.VersionLoggerListener.log Command line argument: -Dignore.endorsed.dirs=
06-Mar-2020 13:32:15.842 信息 [main] org.apache.catalina.startup.VersionLoggerListener.log Command line argument: -Dcatalina.base=D:\tools\apache-tomcat-9.0.31
06-Mar-2020 13:32:15.847 信息 [main] org.apache.catalina.startup.VersionLoggerListener.log Command line argument: -Dcatalina.home=D:\tools\apache-tomcat-9.0.31
06-Mar-2020 13:32:15.847 信息 [main] org.apache.catalina.startup.VersionLoggerListener.log Command line argument: -Djava.io.tmpdir=D:\tools\apache-tomcat-9.0.31\temp
06-Mar-2020 13:32:15.848 信息 [main] org.apache.catalina.core.AprLifecycleListener.lifecycleEvent Loaded APR based Apache Tomcat Native library [1.2.23] using APR version [1.7.0].
06-Mar-2020 13:32:15.855 信息 [main] org.apache.catalina.core.AprLifecycleListener.lifecycleEvent APR capabilities: IPv6 [true], sendfile [true], accept filters [false], random [true].
06-Mar-2020 13:32:15.857 信息 [main] org.apache.catalina.core.AprLifecycleListener.lifecycleEvent APR/OpenSSL配置：useAprConnector[false]，useOpenSSL[true]
06-Mar-2020 13:32:15.866 信息 [main] org.apache.catalina.core.AprLifecycleListener.initializeSSL OpenSSL successfully initialized [OpenSSL 1.1.1c  28 May 2019]
06-Mar-2020 13:32:16.171 信息 [main] org.apache.coyote.AbstractProtocol.init 初始化协议处理器 ["http-nio-8080"]
06-Mar-2020 13:32:16.965 信息 [main] org.apache.catalina.startup.Catalina.load 服务器在[1,374]毫秒内初始化
06-Mar-2020 13:32:16.995 信息 [main] org.apache.catalina.core.StandardService.startInternal Starting service [Catalina]
06-Mar-2020 13:32:16.995 信息 [main] org.apache.catalina.core.StandardEngine.startInternal 正在启动 Servlet 引擎：[Apache Tomcat/9.0.31]
06-Mar-2020 13:32:17.006 信息 [main] org.apache.catalina.startup.HostConfig.deployDirectory 把web 应用程序部署到目录 [D:\tools\apache-tomcat-9.0.31\webapps\docs]
06-Mar-2020 13:32:17.296 信息 [main] org.apache.catalina.startup.HostConfig.deployDirectory Deployment of web application directory [D:\tools\apache-tomcat-9.0.31\webapps\docs] has finished in [290] ms
06-Mar-2020 13:32:17.297 信息 [main] org.apache.catalina.startup.HostConfig.deployDirectory 把web 应用程序部署到目录 [D:\tools\apache-tomcat-9.0.31\webapps\host-manager]
06-Mar-2020 13:32:17.345 信息 [main] org.apache.catalina.startup.HostConfig.deployDirectory Deployment of web application directory [D:\tools\apache-tomcat-9.0.31\webapps\host-manager] has finished in [48] ms
06-Mar-2020 13:32:17.346 信息 [main] org.apache.catalina.startup.HostConfig.deployDirectory 把web 应用程序部署到目录 [D:\tools\apache-tomcat-9.0.31\webapps\jiteng]
06-Mar-2020 13:32:17.385 信息 [main] org.apache.catalina.startup.HostConfig.deployDirectory Deployment of web application directory [D:\tools\apache-tomcat-9.0.31\webapps\jiteng] has finished in [40] ms
06-Mar-2020 13:32:17.386 信息 [main] org.apache.catalina.startup.HostConfig.deployDirectory 把web 应用程序部署到目录 [D:\tools\apache-tomcat-9.0.31\webapps\manager]
06-Mar-2020 13:32:17.441 信息 [main] org.apache.catalina.startup.HostConfig.deployDirectory Deployment of web application directory [D:\tools\apache-tomcat-9.0.31\webapps\manager] has finished in [55] ms
06-Mar-2020 13:32:17.442 信息 [main] org.apache.catalina.startup.HostConfig.deployDirectory 把web 应用程序部署到目录 [D:\tools\apache-tomcat-9.0.31\webapps\ROOT]
06-Mar-2020 13:32:17.473 信息 [main] org.apache.catalina.startup.HostConfig.deployDirectory Deployment of web application directory [D:\tools\apache-tomcat-9.0.31\webapps\ROOT] has finished in [30] ms
06-Mar-2020 13:32:17.473 信息 [main] org.apache.catalina.startup.HostConfig.deployDirectory 把web 应用程序部署到目录 [D:\tools\apache-tomcat-9.0.31\webapps\sss]
06-Mar-2020 13:32:17.882 信息 [main] org.apache.catalina.startup.HostConfig.deployDirectory Deployment of web application directory [D:\tools\apache-tomcat-9.0.31\webapps\sss] has finished in [409] ms
06-Mar-2020 13:32:17.882 信息 [main] org.apache.catalina.startup.HostConfig.deployDirectory 把web 应用程序部署到目录 [D:\tools\apache-tomcat-9.0.31\webapps\three]
06-Mar-2020 13:32:17.916 信息 [main] org.apache.catalina.startup.HostConfig.deployDirectory Deployment of web application directory [D:\tools\apache-tomcat-9.0.31\webapps\three] has finished in [34] ms
06-Mar-2020 13:32:17.923 信息 [main] org.apache.coyote.AbstractProtocol.start 开始协议处理句柄["http-nio-8080"]
06-Mar-2020 13:32:17.950 信息 [main] org.apache.catalina.startup.Catalina.start Server startup in [985] milliseconds
06-Mar-2020 16:25:09.876 信息 [main] org.apache.catalina.startup.VersionLoggerListener.log Server.服务器版本:     Apache Tomcat/9.0.31
06-Mar-2020 16:25:09.893 信息 [main] org.apache.catalina.startup.VersionLoggerListener.log 服务器构建:            Feb 5 2020 19:32:12 UTC
06-Mar-2020 16:25:09.893 信息 [main] org.apache.catalina.startup.VersionLoggerListener.log 服务器版本号(：9.0.31.0
06-Mar-2020 16:25:09.893 信息 [main] org.apache.catalina.startup.VersionLoggerListener.log OS Name:               Windows 10
06-Mar-2020 16:25:09.894 信息 [main] org.apache.catalina.startup.VersionLoggerListener.log OS.版本:               10.0
06-Mar-2020 16:25:09.894 信息 [main] org.apache.catalina.startup.VersionLoggerListener.log 架构:                  amd64
06-Mar-2020 16:25:09.894 信息 [main] org.apache.catalina.startup.VersionLoggerListener.log Java 环境变量:         C:\Program Files\Java\jdk1.8.0_202\jre
06-Mar-2020 16:25:09.895 信息 [main] org.apache.catalina.startup.VersionLoggerListener.log JVM 版本:              1.8.0_202-b08
06-Mar-2020 16:25:09.895 信息 [main] org.apache.catalina.startup.VersionLoggerListener.log JVM.供应商:            Oracle Corporation
06-Mar-2020 16:25:09.895 信息 [main] org.apache.catalina.startup.VersionLoggerListener.log CATALINA_BASE:         D:\tools\apache-tomcat-9.0.31
06-Mar-2020 16:25:09.895 信息 [main] org.apache.catalina.startup.VersionLoggerListener.log CATALINA_HOME:         D:\tools\apache-tomcat-9.0.31
06-Mar-2020 16:25:09.895 信息 [main] org.apache.catalina.startup.VersionLoggerListener.log Command line argument: -Djava.util.logging.config.file=D:\tools\apache-tomcat-9.0.31\conf\logging.properties
06-Mar-2020 16:25:09.896 信息 [main] org.apache.catalina.startup.VersionLoggerListener.log Command line argument: -Djava.util.logging.manager=org.apache.juli.ClassLoaderLogManager
06-Mar-2020 16:25:09.896 信息 [main] org.apache.catalina.startup.VersionLoggerListener.log Command line argument: -Djdk.tls.ephemeralDHKeySize=2048
06-Mar-2020 16:25:09.896 信息 [main] org.apache.catalina.startup.VersionLoggerListener.log Command line argument: -Djava.protocol.handler.pkgs=org.apache.catalina.webresources
06-Mar-2020 16:25:09.896 信息 [main] org.apache.catalina.startup.VersionLoggerListener.log Command line argument: -Dignore.endorsed.dirs=
06-Mar-2020 16:25:09.896 信息 [main] org.apache.catalina.startup.VersionLoggerListener.log Command line argument: -Dcatalina.base=D:\tools\apache-tomcat-9.0.31
06-Mar-2020 16:25:09.896 信息 [main] org.apache.catalina.startup.VersionLoggerListener.log Command line argument: -Dcatalina.home=D:\tools\apache-tomcat-9.0.31
06-Mar-2020 16:25:09.897 信息 [main] org.apache.catalina.startup.VersionLoggerListener.log Command line argument: -Djava.io.tmpdir=D:\tools\apache-tomcat-9.0.31\temp
06-Mar-2020 16:25:09.897 信息 [main] org.apache.catalina.core.AprLifecycleListener.lifecycleEvent Loaded APR based Apache Tomcat Native library [1.2.23] using APR version [1.7.0].
06-Mar-2020 16:25:09.898 信息 [main] org.apache.catalina.core.AprLifecycleListener.lifecycleEvent APR capabilities: IPv6 [true], sendfile [true], accept filters [false], random [true].
06-Mar-2020 16:25:09.899 信息 [main] org.apache.catalina.core.AprLifecycleListener.lifecycleEvent APR/OpenSSL配置：useAprConnector[false]，useOpenSSL[true]
06-Mar-2020 16:25:09.903 信息 [main] org.apache.catalina.core.AprLifecycleListener.initializeSSL OpenSSL successfully initialized [OpenSSL 1.1.1c  28 May 2019]
06-Mar-2020 16:25:10.414 信息 [main] org.apache.coyote.AbstractProtocol.init 初始化协议处理器 ["http-nio-8080"]
06-Mar-2020 16:25:11.065 信息 [main] org.apache.catalina.startup.Catalina.load 服务器在[1,480]毫秒内初始化
06-Mar-2020 16:25:11.087 信息 [main] org.apache.catalina.core.StandardService.startInternal Starting service [Catalina]
06-Mar-2020 16:25:11.088 信息 [main] org.apache.catalina.core.StandardEngine.startInternal 正在启动 Servlet 引擎：[Apache Tomcat/9.0.31]
06-Mar-2020 16:25:11.099 信息 [main] org.apache.catalina.startup.HostConfig.deployDirectory 把web 应用程序部署到目录 [D:\tools\apache-tomcat-9.0.31\webapps\docs]
06-Mar-2020 16:25:11.323 信息 [main] org.apache.catalina.startup.HostConfig.deployDirectory Deployment of web application directory [D:\tools\apache-tomcat-9.0.31\webapps\docs] has finished in [224] ms
06-Mar-2020 16:25:11.324 信息 [main] org.apache.catalina.startup.HostConfig.deployDirectory 把web 应用程序部署到目录 [D:\tools\apache-tomcat-9.0.31\webapps\flv]
06-Mar-2020 16:25:11.400 信息 [main] org.apache.catalina.startup.HostConfig.deployDirectory Deployment of web application directory [D:\tools\apache-tomcat-9.0.31\webapps\flv] has finished in [76] ms
06-Mar-2020 16:25:11.401 信息 [main] org.apache.catalina.startup.HostConfig.deployDirectory 把web 应用程序部署到目录 [D:\tools\apache-tomcat-9.0.31\webapps\host-manager]
06-Mar-2020 16:25:11.442 信息 [main] org.apache.catalina.startup.HostConfig.deployDirectory Deployment of web application directory [D:\tools\apache-tomcat-9.0.31\webapps\host-manager] has finished in [42] ms
06-Mar-2020 16:25:11.443 信息 [main] org.apache.catalina.startup.HostConfig.deployDirectory 把web 应用程序部署到目录 [D:\tools\apache-tomcat-9.0.31\webapps\jiteng]
06-Mar-2020 16:25:11.472 信息 [main] org.apache.catalina.startup.HostConfig.deployDirectory Deployment of web application directory [D:\tools\apache-tomcat-9.0.31\webapps\jiteng] has finished in [29] ms
06-Mar-2020 16:25:11.473 信息 [main] org.apache.catalina.startup.HostConfig.deployDirectory 把web 应用程序部署到目录 [D:\tools\apache-tomcat-9.0.31\webapps\manager]
06-Mar-2020 16:25:11.502 信息 [main] org.apache.catalina.startup.HostConfig.deployDirectory Deployment of web application directory [D:\tools\apache-tomcat-9.0.31\webapps\manager] has finished in [28] ms
06-Mar-2020 16:25:11.502 信息 [main] org.apache.catalina.startup.HostConfig.deployDirectory 把web 应用程序部署到目录 [D:\tools\apache-tomcat-9.0.31\webapps\ROOT]
06-Mar-2020 16:25:11.523 信息 [main] org.apache.catalina.startup.HostConfig.deployDirectory Deployment of web application directory [D:\tools\apache-tomcat-9.0.31\webapps\ROOT] has finished in [21] ms
06-Mar-2020 16:25:11.524 信息 [main] org.apache.catalina.startup.HostConfig.deployDirectory 把web 应用程序部署到目录 [D:\tools\apache-tomcat-9.0.31\webapps\sss]
06-Mar-2020 16:25:13.127 信息 [main] org.apache.catalina.startup.HostConfig.deployDirectory Deployment of web application directory [D:\tools\apache-tomcat-9.0.31\webapps\sss] has finished in [1,603] ms
06-Mar-2020 16:25:13.128 信息 [main] org.apache.catalina.startup.HostConfig.deployDirectory 把web 应用程序部署到目录 [D:\tools\apache-tomcat-9.0.31\webapps\three]
06-Mar-2020 16:25:13.142 信息 [main] org.apache.catalina.startup.HostConfig.deployDirectory Deployment of web application directory [D:\tools\apache-tomcat-9.0.31\webapps\three] has finished in [14] ms
06-Mar-2020 16:25:13.146 信息 [main] org.apache.coyote.AbstractProtocol.start 开始协议处理句柄["http-nio-8080"]
06-Mar-2020 16:25:13.152 信息 [main] org.apache.catalina.startup.Catalina.start Server startup in [2,087] milliseconds
