31-Mar-2020 13:44:00.633 信息 [main] org.apache.catalina.startup.VersionLoggerListener.log Server.服务器版本:     Apache Tomcat/9.0.31
31-Mar-2020 13:44:00.655 信息 [main] org.apache.catalina.startup.VersionLoggerListener.log 服务器构建:            Feb 5 2020 19:32:12 UTC
31-Mar-2020 13:44:00.658 信息 [main] org.apache.catalina.startup.VersionLoggerListener.log 服务器版本号(：9.0.31.0
31-Mar-2020 13:44:00.658 信息 [main] org.apache.catalina.startup.VersionLoggerListener.log OS Name:               Windows 10
31-Mar-2020 13:44:00.658 信息 [main] org.apache.catalina.startup.VersionLoggerListener.log OS.版本:               10.0
31-Mar-2020 13:44:00.658 信息 [main] org.apache.catalina.startup.VersionLoggerListener.log 架构:                  amd64
31-Mar-2020 13:44:00.658 信息 [main] org.apache.catalina.startup.VersionLoggerListener.log Java 环境变量:         C:\Program Files\Java\jdk1.8.0_202\jre
31-Mar-2020 13:44:00.658 信息 [main] org.apache.catalina.startup.VersionLoggerListener.log JVM 版本:              1.8.0_202-b08
31-Mar-2020 13:44:00.659 信息 [main] org.apache.catalina.startup.VersionLoggerListener.log JVM.供应商:            Oracle Corporation
31-Mar-2020 13:44:00.659 信息 [main] org.apache.catalina.startup.VersionLoggerListener.log CATALINA_BASE:         D:\tools\apache-tomcat-9.0.31
31-Mar-2020 13:44:00.659 信息 [main] org.apache.catalina.startup.VersionLoggerListener.log CATALINA_HOME:         D:\tools\apache-tomcat-9.0.31
31-Mar-2020 13:44:00.662 信息 [main] org.apache.catalina.startup.VersionLoggerListener.log Command line argument: -Djava.util.logging.config.file=D:\tools\apache-tomcat-9.0.31\conf\logging.properties
31-Mar-2020 13:44:00.662 信息 [main] org.apache.catalina.startup.VersionLoggerListener.log Command line argument: -Djava.util.logging.manager=org.apache.juli.ClassLoaderLogManager
31-Mar-2020 13:44:00.662 信息 [main] org.apache.catalina.startup.VersionLoggerListener.log Command line argument: -Djdk.tls.ephemeralDHKeySize=2048
31-Mar-2020 13:44:00.662 信息 [main] org.apache.catalina.startup.VersionLoggerListener.log Command line argument: -Djava.protocol.handler.pkgs=org.apache.catalina.webresources
31-Mar-2020 13:44:00.662 信息 [main] org.apache.catalina.startup.VersionLoggerListener.log Command line argument: -Dignore.endorsed.dirs=
31-Mar-2020 13:44:00.662 信息 [main] org.apache.catalina.startup.VersionLoggerListener.log Command line argument: -Dcatalina.base=D:\tools\apache-tomcat-9.0.31
31-Mar-2020 13:44:00.663 信息 [main] org.apache.catalina.startup.VersionLoggerListener.log Command line argument: -Dcatalina.home=D:\tools\apache-tomcat-9.0.31
31-Mar-2020 13:44:00.663 信息 [main] org.apache.catalina.startup.VersionLoggerListener.log Command line argument: -Djava.io.tmpdir=D:\tools\apache-tomcat-9.0.31\temp
31-Mar-2020 13:44:00.664 信息 [main] org.apache.catalina.core.AprLifecycleListener.lifecycleEvent Loaded APR based Apache Tomcat Native library [1.2.23] using APR version [1.7.0].
31-Mar-2020 13:44:00.664 信息 [main] org.apache.catalina.core.AprLifecycleListener.lifecycleEvent APR capabilities: IPv6 [true], sendfile [true], accept filters [false], random [true].
31-Mar-2020 13:44:00.665 信息 [main] org.apache.catalina.core.AprLifecycleListener.lifecycleEvent APR/OpenSSL配置：useAprConnector[false]，useOpenSSL[true]
31-Mar-2020 13:44:00.755 信息 [main] org.apache.catalina.core.AprLifecycleListener.initializeSSL OpenSSL successfully initialized [OpenSSL 1.1.1c  28 May 2019]
31-Mar-2020 13:44:01.349 信息 [main] org.apache.coyote.AbstractProtocol.init 初始化协议处理器 ["http-nio-8080"]
31-Mar-2020 13:44:02.059 信息 [main] org.apache.catalina.startup.Catalina.load 服务器在[1,804]毫秒内初始化
31-Mar-2020 13:44:02.098 信息 [main] org.apache.catalina.core.StandardService.startInternal Starting service [Catalina]
31-Mar-2020 13:44:02.099 信息 [main] org.apache.catalina.core.StandardEngine.startInternal 正在启动 Servlet 引擎：[Apache Tomcat/9.0.31]
31-Mar-2020 13:44:02.139 信息 [main] org.apache.catalina.startup.HostConfig.deployDirectory 把web 应用程序部署到目录 [D:\tools\apache-tomcat-9.0.31\webapps\docs]
31-Mar-2020 13:44:02.478 信息 [main] org.apache.catalina.startup.HostConfig.deployDirectory Deployment of web application directory [D:\tools\apache-tomcat-9.0.31\webapps\docs] has finished in [339] ms
31-Mar-2020 13:44:02.479 信息 [main] org.apache.catalina.startup.HostConfig.deployDirectory 把web 应用程序部署到目录 [D:\tools\apache-tomcat-9.0.31\webapps\element]
31-Mar-2020 13:44:02.520 信息 [main] org.apache.catalina.startup.HostConfig.deployDirectory Deployment of web application directory [D:\tools\apache-tomcat-9.0.31\webapps\element] has finished in [41] ms
31-Mar-2020 13:44:02.521 信息 [main] org.apache.catalina.startup.HostConfig.deployDirectory 把web 应用程序部署到目录 [D:\tools\apache-tomcat-9.0.31\webapps\flv]
31-Mar-2020 13:44:02.545 信息 [main] org.apache.catalina.startup.HostConfig.deployDirectory Deployment of web application directory [D:\tools\apache-tomcat-9.0.31\webapps\flv] has finished in [25] ms
31-Mar-2020 13:44:02.546 信息 [main] org.apache.catalina.startup.HostConfig.deployDirectory 把web 应用程序部署到目录 [D:\tools\apache-tomcat-9.0.31\webapps\flv.js-master]
31-Mar-2020 13:44:02.588 信息 [main] org.apache.catalina.startup.HostConfig.deployDirectory Deployment of web application directory [D:\tools\apache-tomcat-9.0.31\webapps\flv.js-master] has finished in [42] ms
31-Mar-2020 13:44:02.588 信息 [main] org.apache.catalina.startup.HostConfig.deployDirectory 把web 应用程序部署到目录 [D:\tools\apache-tomcat-9.0.31\webapps\host-manager]
31-Mar-2020 13:44:02.637 信息 [main] org.apache.catalina.startup.HostConfig.deployDirectory Deployment of web application directory [D:\tools\apache-tomcat-9.0.31\webapps\host-manager] has finished in [49] ms
31-Mar-2020 13:44:02.638 信息 [main] org.apache.catalina.startup.HostConfig.deployDirectory 把web 应用程序部署到目录 [D:\tools\apache-tomcat-9.0.31\webapps\jiteng]
31-Mar-2020 13:44:02.652 信息 [main] org.apache.catalina.startup.HostConfig.deployDirectory Deployment of web application directory [D:\tools\apache-tomcat-9.0.31\webapps\jiteng] has finished in [14] ms
31-Mar-2020 13:44:02.653 信息 [main] org.apache.catalina.startup.HostConfig.deployDirectory 把web 应用程序部署到目录 [D:\tools\apache-tomcat-9.0.31\webapps\manager]
31-Mar-2020 13:44:02.726 信息 [main] org.apache.catalina.startup.HostConfig.deployDirectory Deployment of web application directory [D:\tools\apache-tomcat-9.0.31\webapps\manager] has finished in [73] ms
31-Mar-2020 13:44:02.726 信息 [main] org.apache.catalina.startup.HostConfig.deployDirectory 把web 应用程序部署到目录 [D:\tools\apache-tomcat-9.0.31\webapps\ROOT]
31-Mar-2020 13:44:02.759 信息 [main] org.apache.catalina.startup.HostConfig.deployDirectory Deployment of web application directory [D:\tools\apache-tomcat-9.0.31\webapps\ROOT] has finished in [33] ms
31-Mar-2020 13:44:02.760 信息 [main] org.apache.catalina.startup.HostConfig.deployDirectory 把web 应用程序部署到目录 [D:\tools\apache-tomcat-9.0.31\webapps\sss]
31-Mar-2020 13:44:04.420 信息 [main] org.apache.catalina.startup.HostConfig.deployDirectory Deployment of web application directory [D:\tools\apache-tomcat-9.0.31\webapps\sss] has finished in [1,660] ms
31-Mar-2020 13:44:04.420 信息 [main] org.apache.catalina.startup.HostConfig.deployDirectory 把web 应用程序部署到目录 [D:\tools\apache-tomcat-9.0.31\webapps\three]
31-Mar-2020 13:44:04.461 信息 [main] org.apache.catalina.startup.HostConfig.deployDirectory Deployment of web application directory [D:\tools\apache-tomcat-9.0.31\webapps\three] has finished in [41] ms
31-Mar-2020 13:44:04.464 信息 [main] org.apache.coyote.AbstractProtocol.start 开始协议处理句柄["http-nio-8080"]
31-Mar-2020 13:44:04.471 信息 [main] org.apache.catalina.startup.Catalina.start Server startup in [2,412] milliseconds
