06-Mar-2020 12:49:43.079 信息 [main] org.apache.catalina.core.ApplicationContext.log ContextListener: contextInitialized()
06-Mar-2020 12:49:43.079 信息 [main] org.apache.catalina.core.ApplicationContext.log SessionListener: contextInitialized()
06-Mar-2020 12:49:43.080 信息 [main] org.apache.catalina.core.ApplicationContext.log ContextListener: attributeAdded('StockTicker', 'async.Stockticker@ed7f8b4')
06-Mar-2020 12:58:45.097 信息 [main] org.apache.catalina.core.ApplicationContext.log ContextListener: contextInitialized()
06-Mar-2020 12:58:45.098 信息 [main] org.apache.catalina.core.ApplicationContext.log SessionListener: contextInitialized()
06-Mar-2020 12:58:45.099 信息 [main] org.apache.catalina.core.ApplicationContext.log ContextListener: attributeAdded('StockTicker', 'async.Stockticker@4c309d4d')
06-Mar-2020 13:02:10.319 信息 [main] org.apache.catalina.core.ApplicationContext.log ContextListener: contextInitialized()
06-Mar-2020 13:02:10.319 信息 [main] org.apache.catalina.core.ApplicationContext.log SessionListener: contextInitialized()
06-Mar-2020 13:02:10.320 信息 [main] org.apache.catalina.core.ApplicationContext.log ContextListener: attributeAdded('StockTicker', 'async.Stockticker@4c309d4d')
06-Mar-2020 13:11:12.231 信息 [Catalina-utility-2] org.apache.catalina.core.ApplicationContext.log SessionListener: contextDestroyed()
06-Mar-2020 13:11:12.232 信息 [Catalina-utility-2] org.apache.catalina.core.ApplicationContext.log ContextListener: contextDestroyed()
06-Mar-2020 13:11:12.378 信息 [Catalina-utility-2] org.apache.catalina.core.ApplicationContext.log ContextListener: contextInitialized()
06-Mar-2020 13:11:12.378 信息 [Catalina-utility-2] org.apache.catalina.core.ApplicationContext.log SessionListener: contextInitialized()
06-Mar-2020 13:11:12.379 信息 [Catalina-utility-2] org.apache.catalina.core.ApplicationContext.log ContextListener: attributeAdded('StockTicker', 'async.Stockticker@25529248')
06-Mar-2020 13:11:58.538 信息 [main] org.apache.catalina.core.ApplicationContext.log ContextListener: contextInitialized()
06-Mar-2020 13:11:58.538 信息 [main] org.apache.catalina.core.ApplicationContext.log SessionListener: contextInitialized()
06-Mar-2020 13:11:58.539 信息 [main] org.apache.catalina.core.ApplicationContext.log ContextListener: attributeAdded('StockTicker', 'async.Stockticker@68c72235')
06-Mar-2020 13:32:17.869 信息 [main] org.apache.catalina.core.ApplicationContext.log ContextListener: contextInitialized()
06-Mar-2020 13:32:17.870 信息 [main] org.apache.catalina.core.ApplicationContext.log SessionListener: contextInitialized()
06-Mar-2020 13:32:17.873 信息 [main] org.apache.catalina.core.ApplicationContext.log ContextListener: attributeAdded('StockTicker', 'async.Stockticker@68c72235')
06-Mar-2020 16:25:13.123 信息 [main] org.apache.catalina.core.ApplicationContext.log ContextListener: contextInitialized()
06-Mar-2020 16:25:13.123 信息 [main] org.apache.catalina.core.ApplicationContext.log SessionListener: contextInitialized()
06-Mar-2020 16:25:13.124 信息 [main] org.apache.catalina.core.ApplicationContext.log ContextListener: attributeAdded('StockTicker', 'async.Stockticker@696da30b')
