26-Feb-2020 14:16:36.425 淇℃ [main] org.apache.catalina.core.ApplicationContext.log ContextListener: contextInitialized()
26-Feb-2020 14:16:36.425 淇℃ [main] org.apache.catalina.core.ApplicationContext.log SessionListener: contextInitialized()
26-Feb-2020 14:16:36.425 淇℃ [main] org.apache.catalina.core.ApplicationContext.log ContextListener: attributeAdded('StockTicker', 'async.Stockticker@ed7f8b4')
26-Feb-2020 14:18:36.347 淇℃ [main] org.apache.catalina.core.ApplicationContext.log SessionListener: contextDestroyed()
26-Feb-2020 14:18:36.347 淇℃ [main] org.apache.catalina.core.ApplicationContext.log ContextListener: contextDestroyed()
26-Feb-2020 14:18:44.217 信息 [main] org.apache.catalina.core.ApplicationContext.log ContextListener: contextInitialized()
26-Feb-2020 14:18:44.217 信息 [main] org.apache.catalina.core.ApplicationContext.log SessionListener: contextInitialized()
26-Feb-2020 14:18:44.218 信息 [main] org.apache.catalina.core.ApplicationContext.log ContextListener: attributeAdded('StockTicker', 'async.Stockticker@4c309d4d')
26-Feb-2020 15:23:49.923 信息 [Thread-4] org.apache.catalina.core.ApplicationContext.log SessionListener: contextDestroyed()
26-Feb-2020 15:23:49.924 信息 [Thread-4] org.apache.catalina.core.ApplicationContext.log ContextListener: contextDestroyed()
26-Feb-2020 15:24:11.825 信息 [main] org.apache.catalina.core.ApplicationContext.log ContextListener: contextInitialized()
26-Feb-2020 15:24:11.825 信息 [main] org.apache.catalina.core.ApplicationContext.log SessionListener: contextInitialized()
26-Feb-2020 15:24:11.826 信息 [main] org.apache.catalina.core.ApplicationContext.log ContextListener: attributeAdded('StockTicker', 'async.Stockticker@4c309d4d')
26-Feb-2020 15:28:03.912 信息 [Thread-4] org.apache.catalina.core.ApplicationContext.log SessionListener: contextDestroyed()
26-Feb-2020 15:28:03.912 信息 [Thread-4] org.apache.catalina.core.ApplicationContext.log ContextListener: contextDestroyed()
26-Feb-2020 15:28:52.177 信息 [main] org.apache.catalina.core.ApplicationContext.log ContextListener: contextInitialized()
26-Feb-2020 15:28:52.178 信息 [main] org.apache.catalina.core.ApplicationContext.log SessionListener: contextInitialized()
26-Feb-2020 15:28:52.178 信息 [main] org.apache.catalina.core.ApplicationContext.log ContextListener: attributeAdded('StockTicker', 'async.Stockticker@4c309d4d')
26-Feb-2020 15:30:50.884 信息 [Thread-4] org.apache.catalina.core.ApplicationContext.log SessionListener: contextDestroyed()
26-Feb-2020 15:30:50.884 信息 [Thread-4] org.apache.catalina.core.ApplicationContext.log ContextListener: contextDestroyed()
26-Feb-2020 15:30:57.306 信息 [main] org.apache.catalina.core.ApplicationContext.log ContextListener: contextInitialized()
26-Feb-2020 15:30:57.306 信息 [main] org.apache.catalina.core.ApplicationContext.log SessionListener: contextInitialized()
26-Feb-2020 15:30:57.308 信息 [main] org.apache.catalina.core.ApplicationContext.log ContextListener: attributeAdded('StockTicker', 'async.Stockticker@4c309d4d')
26-Feb-2020 15:52:32.605 信息 [main] org.apache.catalina.core.ApplicationContext.log ContextListener: contextInitialized()
26-Feb-2020 15:52:32.605 信息 [main] org.apache.catalina.core.ApplicationContext.log SessionListener: contextInitialized()
26-Feb-2020 15:52:32.606 信息 [main] org.apache.catalina.core.ApplicationContext.log ContextListener: attributeAdded('StockTicker', 'async.Stockticker@4c309d4d')
26-Feb-2020 17:43:33.548 信息 [main] org.apache.catalina.core.ApplicationContext.log ContextListener: contextInitialized()
26-Feb-2020 17:43:33.548 信息 [main] org.apache.catalina.core.ApplicationContext.log SessionListener: contextInitialized()
26-Feb-2020 17:43:33.549 信息 [main] org.apache.catalina.core.ApplicationContext.log ContextListener: attributeAdded('StockTicker', 'async.Stockticker@4c309d4d')
